Game.obj : error LNK2019: unresolved external symbol "public: static class AudioManager * __cdecl AudioManager::GetInstance(void)" (?GetInstance@AudioManager@@SAPAV1@XZ) referenced in function "public: void __thiscall Game::HandleEvents(void)" (?HandleEvents@Game@@QAEXXZ)
Game.obj : error LNK2019: unresolved external symbol "public: void __thiscall AudioManager::Music1(void)" (?Music1@AudioManager@@QAEXXZ) referenced in function "public: void __thiscall Game::HandleEvents(void)" (?HandleEvents@Game@@QAEXXZ)
Game.obj : error LNK2019: unresolved external symbol "public: void __thiscall AudioManager::Music2(void)" (?Music2@AudioManager@@QAEXXZ) referenced in function "public: void __thiscall Game::Pause(void)" (?Pause@Game@@QAEXXZ)
Game.obj : error LNK2019: unresolved external symbol "public: void __thiscall AudioManager::BossBattle(void)" (?BossBattle@AudioManager@@QAEXXZ) referenced in function "public: void __thiscall Game::Pause(void)" (?Pause@Game@@QAEXXZ)
Game.obj : error LNK2019: unresolved external symbol "public: void __thiscall AudioManager::BossDeath(void)" (?BossDeath@AudioManager@@QAEXXZ) referenced in function "public: void __thiscall MossBoss::Render(struct SDL_Renderer *,struct SDL_Texture *,struct SDL_Texture *,int)" (?Render@MossBoss@@QAEXPAUSDL_Renderer@@PAUSDL_Texture@@1H@Z)
Game.obj : error LNK2019: unresolved external symbol "public: void __thiscall AudioManager::GroundHit(void)" (?GroundHit@AudioManager@@QAEXXZ) referenced in function "public: void __thiscall MossBoss::Update(void)" (?Update@MossBoss@@QAEXXZ)
Game.obj : error LNK2019: unresolved external symbol "public: void __thiscall AudioManager::BossHit(void)" (?BossHit@AudioManager@@QAEXXZ) referenced in function "public: void __thiscall MossBoss::TakeDamage(void)" (?TakeDamage@MossBoss@@QAEXXZ)
Game.obj : error LNK2019: unresolved external symbol "public: void __thiscall AudioManager::BossHit2(void)" (?BossHit2@AudioManager@@QAEXXZ) referenced in function "public: void __thiscall MossBoss::TakeDamage(void)" (?TakeDamage@MossBoss@@QAEXXZ)
Game.obj : error LNK2019: unresolved external symbol "public: void __thiscall AudioManager::Alien(void)" (?Alien@AudioManager@@QAEXXZ) referenced in function "public: void __thiscall Game::Pause(void)" (?Pause@Game@@QAEXXZ)
Game.obj : error LNK2019: unresolved external symbol "public: void __thiscall AudioManager::Forest(void)" (?Forest@AudioManager@@QAEXXZ) referenced in function "public: void __thiscall Game::HandleEvents(void)" (?HandleEvents@Game@@QAEXXZ)
Game.obj : error LNK2019: unresolved external symbol "public: void __thiscall AudioManager::Death(void)" (?Death@AudioManager@@QAEXXZ) referenced in function "public: bool __thiscall Game::Over(void)" (?Over@Game@@QAE_NXZ)
Game.obj : error LNK2019: unresolved external symbol "public: void __thiscall AudioManager::Credits(void)" (?Credits@AudioManager@@QAEXXZ) referenced in function "public: void __thiscall Game::HandleEvents(void)" (?HandleEvents@Game@@QAEXXZ)
Game.obj : error LNK2019: unresolved external symbol "public: void __thiscall AudioManager::Pause(void)" (?Pause@AudioManager@@QAEXXZ) referenced in function "public: void __thiscall Game::Pause(void)" (?Pause@Game@@QAEXXZ)
Game.obj : error LNK2019: unresolved external symbol "public: void __thiscall AudioManager::Jump(void)" (?Jump@AudioManager@@QAEXXZ) referenced in function "public: void __thiscall Game::HandleEvents(void)" (?HandleEvents@Game@@QAEXXZ)
Game.obj : error LNK2019: unresolved external symbol "public: void __thiscall AudioManager::Fire(void)" (?Fire@AudioManager@@QAEXXZ) referenced in function "public: void __thiscall Game::HandleEvents(void)" (?HandleEvents@Game@@QAEXXZ)
Game.obj : error LNK2019: unresolved external symbol "public: void __thiscall AudioManager::Fire2(void)" (?Fire2@AudioManager@@QAEXXZ) referenced in function "public: void __thiscall Game::HandleEvents(void)" (?HandleEvents@Game@@QAEXXZ)
Game.obj : error LNK2019: unresolved external symbol "public: void __thiscall AudioManager::Fire3(void)" (?Fire3@AudioManager@@QAEXXZ) referenced in function "public: void __thiscall Game::HandleEvents(void)" (?HandleEvents@Game@@QAEXXZ)
Game.obj : error LNK2019: unresolved external symbol "public: void __thiscall AudioManager::Fireball(void)" (?Fireball@AudioManager@@QAEXXZ) referenced in function "public: void __thiscall Boo::Update(int,int)" (?Update@Boo@@QAEXHH@Z)
Game.obj : error LNK2019: unresolved external symbol "public: void __thiscall AudioManager::Laser(void)" (?Laser@AudioManager@@QAEXXZ) referenced in function "public: int __thiscall Level::Update(struct SDL_Renderer *,struct SDL_Rect,struct SDL_Rect,bool)" (?Update@Level@@QAEHPAUSDL_Renderer@@USDL_Rect@@1_N@Z)
Game.obj : error LNK2019: unresolved external symbol "public: void __thiscall AudioManager::Burn(void)" (?Burn@AudioManager@@QAEXXZ) referenced in function "public: int __thiscall Level::Update(struct SDL_Renderer *,struct SDL_Rect,struct SDL_Rect,bool)" (?Update@Level@@QAEHPAUSDL_Renderer@@USDL_Rect@@1_N@Z)
Game.obj : error LNK2019: unresolved external symbol "public: void __thiscall AudioManager::Beer(void)" (?Beer@AudioManager@@QAEXXZ) referenced in function "public: int __thiscall Level::Update(struct SDL_Renderer *,struct SDL_Rect,struct SDL_Rect,bool)" (?Update@Level@@QAEHPAUSDL_Renderer@@USDL_Rect@@1_N@Z)
Game.obj : error LNK2019: unresolved external symbol "public: void __thiscall AudioManager::Clang(void)" (?Clang@AudioManager@@QAEXXZ) referenced in function "public: int __thiscall Level::Update(struct SDL_Renderer *,struct SDL_Rect,struct SDL_Rect,bool)" (?Update@Level@@QAEHPAUSDL_Renderer@@USDL_Rect@@1_N@Z)
Game.obj : error LNK2019: unresolved external symbol "public: void __thiscall AudioManager::Splat(void)" (?Splat@AudioManager@@QAEXXZ) referenced in function "public: int __thiscall Level::Update(struct SDL_Renderer *,struct SDL_Rect,struct SDL_Rect,bool)" (?Update@Level@@QAEHPAUSDL_Renderer@@USDL_Rect@@1_N@Z)
Game.obj : error LNK2019: unresolved external symbol "public: void __thiscall AudioManager::Boom(void)" (?Boom@AudioManager@@QAEXXZ) referenced in function "public: int __thiscall Level::Update(struct SDL_Renderer *,struct SDL_Rect,struct SDL_Rect,bool)" (?Update@Level@@QAEHPAUSDL_Renderer@@USDL_Rect@@1_N@Z)
Game.obj : error LNK2019: unresolved external symbol "public: void __thiscall AudioManager::Punch(void)" (?Punch@AudioManager@@QAEXXZ) referenced in function "public: int __thiscall Level::Update(struct SDL_Renderer *,struct SDL_Rect,struct SDL_Rect,bool)" (?Update@Level@@QAEHPAUSDL_Renderer@@USDL_Rect@@1_N@Z)
Game.obj : error LNK2019: unresolved external symbol "public: void __thiscall AudioManager::Crackle(void)" (?Crackle@AudioManager@@QAEXXZ) referenced in function "public: int __thiscall Level::Update(struct SDL_Renderer *,struct SDL_Rect,struct SDL_Rect,bool)" (?Update@Level@@QAEHPAUSDL_Renderer@@USDL_Rect@@1_N@Z)
Game.obj : error LNK2019: unresolved external symbol "public: void __thiscall AudioManager::Slash(void)" (?Slash@AudioManager@@QAEXXZ) referenced in function "public: void __thiscall Game::HandleEvents(void)" (?HandleEvents@Game@@QAEXXZ)
Game.obj : error LNK2019: unresolved external symbol "public: void __thiscall AudioManager::Slash2(void)" (?Slash2@AudioManager@@QAEXXZ) referenced in function "public: void __thiscall Game::HandleEvents(void)" (?HandleEvents@Game@@QAEXXZ)
Game.obj : error LNK2019: unresolved external symbol "public: void __thiscall AudioManager::Avalanche(void)" (?Avalanche@AudioManager@@QAEXXZ) referenced in function "public: void __thiscall MossBoss::RockThrow(void)" (?RockThrow@MossBoss@@QAEXXZ)
Game.obj : error LNK2019: unresolved external symbol "public: void __thiscall AudioManager::Throw(void)" (?Throw@AudioManager@@QAEXXZ) referenced in function "public: void __thiscall Rock::Spawn(void)" (?Spawn@Rock@@QAEXXZ)
Game.obj : error LNK2019: unresolved external symbol "public: void __thiscall AudioManager::Ow(void)" (?Ow@AudioManager@@QAEXXZ) referenced in function "public: int __thiscall Level::Update(struct SDL_Renderer *,struct SDL_Rect,struct SDL_Rect,bool)" (?Update@Level@@QAEHPAUSDL_Renderer@@USDL_Rect@@1_N@Z)
Game.obj : error LNK2019: unresolved external symbol "public: void __thiscall AudioManager::Portal(void)" (?Portal@AudioManager@@QAEXXZ) referenced in function "public: void __thiscall Level::Render(struct SDL_Renderer *,struct SDL_Texture *,struct SDL_Texture *,struct SDL_Texture *,struct SDL_Texture *,struct SDL_Texture *,struct SDL_Texture *)" (?Render@Level@@QAEXPAUSDL_Renderer@@PAUSDL_Texture@@11111@Z)
Game.obj : error LNK2019: unresolved external symbol "public: void __thiscall AudioManager::Portal2(void)" (?Portal2@AudioManager@@QAEXXZ) referenced in function "public: int __thiscall Level::Update(struct SDL_Renderer *,struct SDL_Rect,struct SDL_Rect,bool)" (?Update@Level@@QAEHPAUSDL_Renderer@@USDL_Rect@@1_N@Z)
C:\Users\nisar\OneDrive\Desktop\Prototype\Debug\SDLTraveler.exe : fatal error LNK1120: 33 unresolved externals
